# JRE version: Java(TM) SE Runtime Environment (8.0_121-b13) (build 1.8.0_121-b13)
# Java VM: Java HotSpot(TM) Client VM (25.121-b13 mixed mode windows-x86 )
Heap:
 def new generation   total 21248K, used 14196K [0x04c00000, 0x06300000, 0x0a150000)
  eden space 18944K,  74% used [0x04c00000, 0x059dd368, 0x05e80000)
  from space 2304K,   0% used [0x05e80000, 0x05e80000, 0x060c0000)
  to   space 2304K,   0% used [0x060c0000, 0x060c0000, 0x06300000)
 tenured generation   total 47056K, used 28231K [0x0a150000, 0x0cf44000, 0x14c00000)
   the space 47056K,  59% used [0x0a150000, 0x0bce1f30, 0x0bce2000, 0x0cf44000)
 Metaspace       used 11698K, capacity 12486K, committed 12544K, reserved 12672K
GC Heap History (10 events):
Event: 574.813 GC heap before
{Heap before GC invocations=82 (full 10):
 def new generation   total 18816K, used 15236K [0x04c00000, 0x06060000, 0x0a150000)
  eden space 16768K,  88% used [0x04c00000, 0x05a709e8, 0x05c60000)
  from space 2048K,  21% used [0x05e60000, 0x05ed07b8, 0x06060000)
  to   space 2048K,   0% used [0x05c60000, 0x05c60000, 0x05e60000)
 tenured generation   total 41584K, used 29292K [0x0a150000, 0x0c9ec000, 0x14c00000)
   the space 41584K,  70% used [0x0a150000, 0x0bdeb038, 0x0bdeb200, 0x0c9ec000)
 Metaspace       used 11696K, capacity 12483K, committed 12544K, reserved 12672K
Event: 574.821 GC heap after
Heap after GC invocations=83 (full 10):
 def new generation   total 18816K, used 2048K [0x04c00000, 0x06060000, 0x0a150000)
  eden space 16768K,   0% used [0x04c00000, 0x04c00000, 0x05c60000)
  from space 2048K, 100% used [0x05c60000, 0x05e60000, 0x05e60000)
  to   space 2048K,   0% used [0x05e60000, 0x05e60000, 0x06060000)
 tenured generation   total 41584K, used 29664K [0x0a150000, 0x0c9ec000, 0x14c00000)
   the space 41584K,  71% used [0x0a150000, 0x0be480f8, 0x0be48200, 0x0c9ec000)
 Metaspace       used 11696K, capacity 12483K, committed 12544K, reserved 12672K
}
Event: 581.958 GC heap before
{Heap before GC invocations=83 (full 10):
 def new generation   total 18816K, used 18816K [0x04c00000, 0x06060000, 0x0a150000)
  eden space 16768K, 100% used [0x04c00000, 0x05c60000, 0x05c60000)
  from space 2048K, 100% used [0x05c60000, 0x05e60000, 0x05e60000)
  to   space 2048K,   0% used [0x05e60000, 0x05e60000, 0x06060000)
 tenured generation   total 41584K, used 29664K [0x0a150000, 0x0c9ec000, 0x14c00000)
   the space 41584K,  71% used [0x0a150000, 0x0be480f8, 0x0be48200, 0x0c9ec000)
 Metaspace       used 11698K, capacity 12486K, committed 12544K, reserved 12672K
Event: 581.971 GC heap after
Heap after GC invocations=84 (full 10):
 def new generation   total 18816K, used 445K [0x04c00000, 0x06060000, 0x0a150000)
  eden space 16768K,   0% used [0x04c00000, 0x04c00000, 0x05c60000)
  from space 2048K,  21% used [0x05e60000, 0x05ecf5c0, 0x06060000)
  to   space 2048K,   0% used [0x05c60000, 0x05c60000, 0x05e60000)
 tenured generation   total 41584K, used 31703K [0x0a150000, 0x0c9ec000, 0x14c00000)
   the space 41584K,  76% used [0x0a150000, 0x0c045c00, 0x0c045c00, 0x0c9ec000)
 Metaspace       used 11698K, capacity 12486K, committed 12544K, reserved 12672K
}
Event: 591.338 GC heap before
{Heap before GC invocations=84 (full 10):
 def new generation   total 18816K, used 17213K [0x04c00000, 0x06060000, 0x0a150000)
  eden space 16768K, 100% used [0x04c00000, 0x05c60000, 0x05c60000)
  from space 2048K,  21% used [0x05e60000, 0x05ecf5c0, 0x06060000)
  to   space 2048K,   0% used [0x05c60000, 0x05c60000, 0x05e60000)
 tenured generation   total 41584K, used 31703K [0x0a150000, 0x0c9ec000, 0x14c00000)
   the space 41584K,  76% used [0x0a150000, 0x0c045c00, 0x0c045c00, 0x0c9ec000)
 Metaspace       used 11698K, capacity 12486K, committed 12544K, reserved 12672K
Event: 591.345 GC heap after
Heap after GC invocations=85 (full 10):
 def new generation   total 18816K, used 1174K [0x04c00000, 0x06060000, 0x0a150000)
  eden space 16768K,   0% used [0x04c00000, 0x04c00000, 0x05c60000)
  from space 2048K,  57% used [0x05c60000, 0x05d85968, 0x05e60000)
  to   space 2048K,   0% used [0x05e60000, 0x05e60000, 0x06060000)
 tenured generation   total 41584K, used 31703K [0x0a150000, 0x0c9ec000, 0x14c00000)
   the space 41584K,  76% used [0x0a150000, 0x0c045c00, 0x0c045c00, 0x0c9ec000)
 Metaspace       used 11698K, capacity 12486K, committed 12544K, reserved 12672K
}
Event: 598.070 GC heap before
{Heap before GC invocations=85 (full 10):
 def new generation   total 18816K, used 17942K [0x04c00000, 0x06060000, 0x0a150000)
  eden space 16768K, 100% used [0x04c00000, 0x05c60000, 0x05c60000)
  from space 2048K,  57% used [0x05c60000, 0x05d85968, 0x05e60000)
  to   space 2048K,   0% used [0x05e60000, 0x05e60000, 0x06060000)
 tenured generation   total 41584K, used 31703K [0x0a150000, 0x0c9ec000, 0x14c00000)
   the space 41584K,  76% used [0x0a150000, 0x0c045c00, 0x0c045c00, 0x0c9ec000)
 Metaspace       used 11698K, capacity 12486K, committed 12544K, reserved 12672K
Event: 598.079 GC heap after
Heap after GC invocations=86 (full 10):
 def new generation   total 18816K, used 622K [0x04c00000, 0x06060000, 0x0a150000)
  eden space 16768K,   0% used [0x04c00000, 0x04c00000, 0x05c60000)
  from space 2048K,  30% used [0x05e60000, 0x05efba38, 0x06060000)
  to   space 2048K,   0% used [0x05c60000, 0x05c60000, 0x05e60000)
 tenured generation   total 41584K, used 36148K [0x0a150000, 0x0c9ec000, 0x14c00000)
   the space 41584K,  86% used [0x0a150000, 0x0c49d350, 0x0c49d400, 0x0c9ec000)
 Metaspace       used 11698K, capacity 12486K, committed 12544K, reserved 12672K
}
Event: 600.931 GC heap before
{Heap before GC invocations=86 (full 10):
 def new generation   total 18816K, used 17210K [0x04c00000, 0x06060000, 0x0a150000)
  eden space 16768K,  98% used [0x04c00000, 0x05c32f30, 0x05c60000)
  from space 2048K,  30% used [0x05e60000, 0x05efba38, 0x06060000)
  to   space 2048K,   0% used [0x05c60000, 0x05c60000, 0x05e60000)
 tenured generation   total 41584K, used 36148K [0x0a150000, 0x0c9ec000, 0x14c00000)
   the space 41584K,  86% used [0x0a150000, 0x0c49d350, 0x0c49d400, 0x0c9ec000)
 Metaspace       used 11698K, capacity 12486K, committed 12544K, reserved 12672K
Event: 601.010 GC heap after
Heap after GC invocations=87 (full 11):
 def new generation   total 21248K, used 0K [0x04c00000, 0x06300000, 0x0a150000)
  eden space 18944K,   0% used [0x04c00000, 0x04c00000, 0x05e80000)
  from space 2304K,   0% used [0x05e80000, 0x05e80000, 0x060c0000)
  to   space 2304K,   0% used [0x060c0000, 0x060c0000, 0x06300000)
 tenured generation   total 47056K, used 28231K [0x0a150000, 0x0cf44000, 0x14c00000)
   the space 47056K,  59% used [0x0a150000, 0x0bce1f30, 0x0bce2000, 0x0cf44000)
 Metaspace       used 11698K, capacity 12486K, committed 12544K, reserved 12672K
}

